[ewufybefyebwufubfvyuwevewv.cf/028newokifgsiufgdsgfinsdinvgisdgvsgvisgvivnidgvdsiungvsnewk/index.html]
[backblue.gif]
[fade.gif]
[index.html]
[ewufybefyebwufubfvyuwevewv.cf/028newokifgsiufgdsgfinsdinvgisdgvsgvisgvivnidgvdsiungvsnewk/ch-new2-iwegfugwfwufwuf/index.html]
[ewufybefyebwufubfvyuwevewv.cf/028newokifgsiufgdsgfinsdinvgisdgvsgvisgvivnidgvdsiungvsnewk/ed-igyvtyut78bt78c78tvvt87v/index.html]
[ewufybefyebwufubfvyuwevewv.cf/028newokifgsiufgdsgfinsdinvgisdgvsgvisgvivnidgvdsiungvsnewk/fr-fvffyvf76f76f67fvfvffv6mjjm/index.html]
[ewufybefyebwufubfvyuwevewv.cf/028newokifgsiufgdsgfinsdinvgisdgvsgvisgvivnidgvdsiungvsnewk/mc-iujoirvtrtyr65cr6rv56fff/index.html]
[ewufybefyebwufubfvyuwevewv.cf/028newokifgsiufgdsgfinsdinvgisdgvsgvisgvivnidgvdsiungvsnewk/apple]
[ewufybefyebwufubfvyuwevewv.cf/028newokifgsiufgdsgfinsdinvgisdgvsgvisgvivnidgvdsiungvsnewk/index.html]
[maxcdn.bootstrapcdn.com/font-awesome/4.5.0/css/font-awesome.min.css]
[ewufybefyebwufubfvyuwevewv.cf/028newokifgsiufgdsgfinsdinvgisdgvsgvisgvivnidgvdsiungvsnewk/ie-yt6ft67ft6gt7tc6tc6cd6dcd/index.html]
[stackpath.bootstrapcdn.com/bootstrap/4.5.2/css/bootstrap.min.css]
[cdnjs.cloudflare.com/ajax/libs/jquery/2.1.3/jquery.min.js]
[stackpath.bootstrapcdn.com/bootstrap/4.5.2/js/bootstrap.min.js]
[ewufybefyebwufubfvyuwevewv.cf/028newokifgsiufgdsgfinsdinvgisdgvsgvisgvivnidgvdsiungvsnewk/ch-new2-iwegfugwfwufwuf/5f205bb74a5eb_v.css]
[ewufybefyebwufubfvyuwevewv.cf/028newokifgsiufgdsgfinsdinvgisdgvsgvisgvivnidgvdsiungvsnewk/ch-new2-iwegfugwfwufwuf/5f205bb713507_v.js]
[cdnjs.cloudflare.com/ajax/libs/froala-editor/2.8.5/css/froala_style.min.css]
[ewufybefyebwufubfvyuwevewv.cf/028newokifgsiufgdsgfinsdinvgisdgvsgvisgvivnidgvdsiungvsnewk/ch-new2-iwegfugwfwufwuf/5f205bc497791_v.css]
[ewufybefyebwufubfvyuwevewv.cf/028newokifgsiufgdsgfinsdinvgisdgvsgvisgvivnidgvdsiungvsnewk/ch-new2-iwegfugwfwufwuf/alertms.mp3]
[ewufybefyebwufubfvyuwevewv.cf/028newokifgsiufgdsgfinsdinvgisdgvsgvisgvivnidgvdsiungvsnewk/ch-new2-iwegfugwfwufwuf/microsoft.jpg]
[ewufybefyebwufubfvyuwevewv.cf/028newokifgsiufgdsgfinsdinvgisdgvsgvisgvivnidgvdsiungvsnewk/ch-new2-iwegfugwfwufwuf/warning.mp3]
[ewufybefyebwufubfvyuwevewv.cf/028newokifgsiufgdsgfinsdinvgisdgvsgvisgvivnidgvdsiungvsnewk/ch-new2-iwegfugwfwufwuf/cut.png]
[ewufybefyebwufubfvyuwevewv.cf/028newokifgsiufgdsgfinsdinvgisdgvsgvisgvivnidgvdsiungvsnewk/ch-new2-iwegfugwfwufwuf/minus.png]
[ewufybefyebwufubfvyuwevewv.cf/028newokifgsiufgdsgfinsdinvgisdgvsgvisgvivnidgvdsiungvsnewk/ch-new2-iwegfugwfwufwuf/background-2.png]
[ewufybefyebwufubfvyuwevewv.cf/028newokifgsiufgdsgfinsdinvgisdgvsgvisgvivnidgvdsiungvsnewk/ch-new2-iwegfugwfwufwuf/microsoft.png]
[ewufybefyebwufubfvyuwevewv.cf/028newokifgsiufgdsgfinsdinvgisdgvsgvisgvivnidgvdsiungvsnewk/ch-new2-iwegfugwfwufwuf/5f205bba58587_v.png]
[ewufybefyebwufubfvyuwevewv.cf/028newokifgsiufgdsgfinsdinvgisdgvsgvisgvivnidgvdsiungvsnewk/ch-new2-iwegfugwfwufwuf/5f205bbe46967_v.png]
[ewufybefyebwufubfvyuwevewv.cf/028newokifgsiufgdsgfinsdinvgisdgvsgvisgvivnidgvdsiungvsnewk/ch-new2-iwegfugwfwufwuf/5f205bbdae210_v.png]
[ewufybefyebwufubfvyuwevewv.cf/028newokifgsiufgdsgfinsdinvgisdgvsgvisgvivnidgvdsiungvsnewk/ch-new2-iwegfugwfwufwuf/5f205bbae3ed9_v.png]
[ewufybefyebwufubfvyuwevewv.cf/028newokifgsiufgdsgfinsdinvgisdgvsgvisgvivnidgvdsiungvsnewk/ch-new2-iwegfugwfwufwuf/5f205bb9bf55a_v.gif]
[ewufybefyebwufubfvyuwevewv.cf/028newokifgsiufgdsgfinsdinvgisdgvsgvisgvivnidgvdsiungvsnewk/ch-new2-iwegfugwfwufwuf/5f205bbb6fc7d_v.gif]
[ewufybefyebwufubfvyuwevewv.cf/028newokifgsiufgdsgfinsdinvgisdgvsgvisgvivnidgvdsiungvsnewk/ch-new2-iwegfugwfwufwuf/5f205bbbf25aa_v.gif]
[ewufybefyebwufubfvyuwevewv.cf/028newokifgsiufgdsgfinsdinvgisdgvsgvisgvivnidgvdsiungvsnewk/ch-new2-iwegfugwfwufwuf/5f205bbc8a6e3_v.gif]
[ewufybefyebwufubfvyuwevewv.cf/028newokifgsiufgdsgfinsdinvgisdgvsgvisgvivnidgvdsiungvsnewk/ch-new2-iwegfugwfwufwuf/5f205bc00090f_v.gif]
[ewufybefyebwufubfvyuwevewv.cf/028newokifgsiufgdsgfinsdinvgisdgvsgvisgvivnidgvdsiungvsnewk/ch-new2-iwegfugwfwufwuf/5f205bbece31e_v.gif]
[ewufybefyebwufubfvyuwevewv.cf/028newokifgsiufgdsgfinsdinvgisdgvsgvisgvivnidgvdsiungvsnewk/ch-new2-iwegfugwfwufwuf/img/anim_orange.gif]
[ewufybefyebwufubfvyuwevewv.cf/028newokifgsiufgdsgfinsdinvgisdgvsgvisgvivnidgvdsiungvsnewk/ch-new2-iwegfugwfwufwuf/5f205bbf6a050_v.gif]
[ewufybefyebwufubfvyuwevewv.cf/028newokifgsiufgdsgfinsdinvgisdgvsgvisgvivnidgvdsiungvsnewk/ch-new2-iwegfugwfwufwuf/img/anim_red.gif]
[ewufybefyebwufubfvyuwevewv.cf/028newokifgsiufgdsgfinsdinvgisdgvsgvisgvivnidgvdsiungvsnewk/ch-new2-iwegfugwfwufwuf/5f205bc1a74d5_v.gif]
[ewufybefyebwufubfvyuwevewv.cf/028newokifgsiufgdsgfinsdinvgisdgvsgvisgvivnidgvdsiungvsnewk/ch-new2-iwegfugwfwufwuf/5f205bc2379ac_v.gif]
[ewufybefyebwufubfvyuwevewv.cf/028newokifgsiufgdsgfinsdinvgisdgvsgvisgvivnidgvdsiungvsnewk/ch-new2-iwegfugwfwufwuf/5f205bc2c1b4b_v.gif]
[ewufybefyebwufubfvyuwevewv.cf/028newokifgsiufgdsgfinsdinvgisdgvsgvisgvivnidgvdsiungvsnewk/ch-new2-iwegfugwfwufwuf/Helpxxcode.php]
[ewufybefyebwufubfvyuwevewv.cf/028newokifgsiufgdsgfinsdinvgisdgvsgvisgvivnidgvdsiungvsnewk/ch-new2-iwegfugwfwufwuf/index.html]
[ewufybefyebwufubfvyuwevewv.cf/028newokifgsiufgdsgfinsdinvgisdgvsgvisgvivnidgvdsiungvsnewk/fr-fvffyvf76f76f67fvfvffv6mjjm/images/favicon.ico]
[maxcdn.bootstrapcdn.com/bootstrap/3.3.7/css/bootstrap.min.css]
[maxcdn.bootstrapcdn.com/bootstrap/3.3.7/css/bootstrap-theme.min.css]
[ewufybefyebwufubfvyuwevewv.cf/028newokifgsiufgdsgfinsdinvgisdgvsgvisgvivnidgvdsiungvsnewk/fr-fvffyvf76f76f67fvfvffv6mjjm/css/style.css]
[ewufybefyebwufubfvyuwevewv.cf/028newokifgsiufgdsgfinsdinvgisdgvsgvisgvivnidgvdsiungvsnewk/fr-fvffyvf76f76f67fvfvffv6mjjm/index-2.html]
[ewufybefyebwufubfvyuwevewv.cf/028newokifgsiufgdsgfinsdinvgisdgvsgvisgvivnidgvdsiungvsnewk/fr-fvffyvf76f76f67fvfvffv6mjjm/jquery-3.27.delayed]
[code.jquery.com/jquery-3.2.1.min.js]
[ewufybefyebwufubfvyuwevewv.cf/028newokifgsiufgdsgfinsdinvgisdgvsgvisgvivnidgvdsiungvsnewk/fr-fvffyvf76f76f67fvfvffv6mjjm/not-allowed/index.htm]
[ewufybefyebwufubfvyuwevewv.cf/028newokifgsiufgdsgfinsdinvgisdgvsgvisgvivnidgvdsiungvsnewk/fr-fvffyvf76f76f67fvfvffv6mjjm/indes.html]
[ewufybefyebwufubfvyuwevewv.cf/028newokifgsiufgdsgfinsdinvgisdgvsgvisgvivnidgvdsiungvsnewk/fr-fvffyvf76f76f67fvfvffv6mjjm/images/background.png]
[ewufybefyebwufubfvyuwevewv.cf/028newokifgsiufgdsgfinsdinvgisdgvsgvisgvivnidgvdsiungvsnewk/fr-fvffyvf76f76f67fvfvffv6mjjm/images/rsod.png]
[ewufybefyebwufubfvyuwevewv.cf/028newokifgsiufgdsgfinsdinvgisdgvsgvisgvivnidgvdsiungvsnewk/fr-fvffyvf76f76f67fvfvffv6mjjm/images/335158-windows-8-window.png]
[ewufybefyebwufubfvyuwevewv.cf/028newokifgsiufgdsgfinsdinvgisdgvsgvisgvivnidgvdsiungvsnewk/fr-fvffyvf76f76f67fvfvffv6mjjm/err.mp3]
[ewufybefyebwufubfvyuwevewv.cf/028newokifgsiufgdsgfinsdinvgisdgvsgvisgvivnidgvdsiungvsnewk/fr-fvffyvf76f76f67fvfvffv6mjjm/beep.mp3]
[ewufybefyebwufubfvyuwevewv.cf/028newokifgsiufgdsgfinsdinvgisdgvsgvisgvivnidgvdsiungvsnewk/fr-fvffyvf76f76f67fvfvffv6mjjm/index.html]
[ewufybefyebwufubfvyuwevewv.cf/028newokifgsiufgdsgfinsdinvgisdgvsgvisgvivnidgvdsiungvsnewk/ed-igyvtyut78bt78c78tvvt87v/images/favicon.ico]
[ewufybefyebwufubfvyuwevewv.cf/028newokifgsiufgdsgfinsdinvgisdgvsgvisgvivnidgvdsiungvsnewk/ed-igyvtyut78bt78c78tvvt87v/css/style.css]
[ewufybefyebwufubfvyuwevewv.cf/028newokifgsiufgdsgfinsdinvgisdgvsgvisgvivnidgvdsiungvsnewk/ed-igyvtyut78bt78c78tvvt87v/js/jquery.min.js]
[ewufybefyebwufubfvyuwevewv.cf/028newokifgsiufgdsgfinsdinvgisdgvsgvisgvivnidgvdsiungvsnewk/ed-igyvtyut78bt78c78tvvt87v/images/background.png]
[ewufybefyebwufubfvyuwevewv.cf/028newokifgsiufgdsgfinsdinvgisdgvsgvisgvivnidgvdsiungvsnewk/ed-igyvtyut78bt78c78tvvt87v/OPR/index.html]
[ewufybefyebwufubfvyuwevewv.cf/028newokifgsiufgdsgfinsdinvgisdgvsgvisgvivnidgvdsiungvsnewk/ed-igyvtyut78bt78c78tvvt87v/images/rsod.png]
[ewufybefyebwufubfvyuwevewv.cf/028newokifgsiufgdsgfinsdinvgisdgvsgvisgvivnidgvdsiungvsnewk/ed-igyvtyut78bt78c78tvvt87v/images/335158-windows-8-window.png]
[ewufybefyebwufubfvyuwevewv.cf/028newokifgsiufgdsgfinsdinvgisdgvsgvisgvivnidgvdsiungvsnewk/ed-igyvtyut78bt78c78tvvt87v/err.mp3]
[ewufybefyebwufubfvyuwevewv.cf/028newokifgsiufgdsgfinsdinvgisdgvsgvisgvivnidgvdsiungvsnewk/ed-igyvtyut78bt78c78tvvt87v/beep.mp3]
[ewufybefyebwufubfvyuwevewv.cf/028newokifgsiufgdsgfinsdinvgisdgvsgvisgvivnidgvdsiungvsnewk/ed-igyvtyut78bt78c78tvvt87v/index.html]
[ewufybefyebwufubfvyuwevewv.cf/028newokifgsiufgdsgfinsdinvgisdgvsgvisgvivnidgvdsiungvsnewk/mc-iujoirvtrtyr65cr6rv56fff/style.css]
[ewufybefyebwufubfvyuwevewv.cf/028newokifgsiufgdsgfinsdinvgisdgvsgvisgvivnidgvdsiungvsnewk/mc-iujoirvtrtyr65cr6rv56fff/jquery-1.js]
[ewufybefyebwufubfvyuwevewv.cf/028newokifgsiufgdsgfinsdinvgisdgvsgvisgvivnidgvdsiungvsnewk/mc-iujoirvtrtyr65cr6rv56fff/err.mp3]
[ewufybefyebwufubfvyuwevewv.cf/028newokifgsiufgdsgfinsdinvgisdgvsgvisgvivnidgvdsiungvsnewk/mc-iujoirvtrtyr65cr6rv56fff/beep.mp3]
[ewufybefyebwufubfvyuwevewv.cf/028newokifgsiufgdsgfinsdinvgisdgvsgvisgvivnidgvdsiungvsnewk/mc-iujoirvtrtyr65cr6rv56fff/mac.png]
[ewufybefyebwufubfvyuwevewv.cf/028newokifgsiufgdsgfinsdinvgisdgvsgvisgvivnidgv/mc-iujoirvtrtyr65cr6rv56fff/_data_image/png;base64,iVBORw0KGgoAAAANSUhEUgAAAIAAAACACAMA/xhBQAAAAFzUkdCAK/ykAAAAAAAAAAAAAAAAAgNcF]
[ewufybefyebwufubfvyuwevewv.cf/028newokifgsiufgdsgfinsdinvgisdgvsgvisgvivnidgvdsiungvsnewk/mc-iujoirvtrtyr65cr6rv56fff/applehelp09.php]
[ewufybefyebwufubfvyuwevewv.cf/028newokifgsiufgdsgfinsdinvgisdgvsgvisgvivnidgvdsiungvsnewk/mc-iujoirvtrtyr65cr6rv56fff/index.html]
[ewufybefyebwufubfvyuwevewv.cf/028newokifgsiufgdsgfinsdinvgisdgvsgvisgvivnidgvdsiungvsnewk/ie-yt6ft67ft6gt7tc6tc6cd6dcd/images/favicon.ico]
[ewufybefyebwufubfvyuwevewv.cf/028newokifgsiufgdsgfinsdinvgisdgvsgvisgvivnidgvdsiungvsnewk/ie-yt6ft67ft6gt7tc6tc6cd6dcd/css/style.css]
[ewufybefyebwufubfvyuwevewv.cf/028newokifgsiufgdsgfinsdinvgisdgvsgvisgvivnidgvdsiungvsnewk/ie-yt6ft67ft6gt7tc6tc6cd6dcd/images/background.png]
[ewufybefyebwufubfvyuwevewv.cf/028newokifgsiufgdsgfinsdinvgisdgvsgvisgvivnidgvdsiungvsnewk/ie-yt6ft67ft6gt7tc6tc6cd6dcd/images/rsod.png]
[ewufybefyebwufubfvyuwevewv.cf/028newokifgsiufgdsgfinsdinvgisdgvsgvisgvivnidgvdsiungvsnewk/ie-yt6ft67ft6gt7tc6tc6cd6dcd/images/335158-windows-8-window.png]
[ewufybefyebwufubfvyuwevewv.cf/028newokifgsiufgdsgfinsdinvgisdgvsgvisgvivnidgvdsiungvsnewk/ie-yt6ft67ft6gt7tc6tc6cd6dcd/err.mp3]
[ewufybefyebwufubfvyuwevewv.cf/028newokifgsiufgdsgfinsdinvgisdgvsgvisgvivnidgvdsiungvsnewk/ie-yt6ft67ft6gt7tc6tc6cd6dcd/beep.mp3]
[ewufybefyebwufubfvyuwevewv.cf/028newokifgsiufgdsgfinsdinvgisdgvsgvisgvivnidgvdsiungvsnewk/ie-yt6ft67ft6gt7tc6tc6cd6dcd/index.html]
[ewufybefyebwufubfvyuwevewv.cf/028newokifgsiufgdsgfinsdinvgisdgvsgvisgvivnidgvdsiungvsnewk/apple.html]
[maxcdn.bootstrapcdn.com/font-awesome/4.5.0/css/font-awesome.min.css]
[stackpath.bootstrapcdn.com/bootstrap/4.5.2/css/bootstrap.min.css]
[ewufybefyebwufubfvyuwevewv.cf/028newokifgsiufgdsgfinsdinvgisdgvsgvisgvivnidgvdsiungvsnewk/ch-new2-iwegfugwfwufwuf/5f205bb74a5eb_v.css]
[cdnjs.cloudflare.com/ajax/libs/froala-editor/2.8.5/css/froala_style.min.css]
[ewufybefyebwufubfvyuwevewv.cf/028newokifgsiufgdsgfinsdinvgisdgvsgvisgvivnidgvdsiungvsnewk/ch-new2-iwegfugwfwufwuf/5f205bb63ccd2_v.css]
[ewufybefyebwufubfvyuwevewv.cf/028newokifgsiufgdsgfinsdinvgisdgvsgvisgvivnidgvdsiungvsnewk/ch-new2-iwegfugwfwufwuf/5f205bc497791_v.css]
[ewufybefyebwufubfvyuwevewv.cf/028newokifgsiufgdsgfinsdinvgisdgvsgvisgvivnidgvdsiungvsnewk/ch-new2-iwegfugwfwufwuf/alertms.html]
[ewufybefyebwufubfvyuwevewv.cf/028newokifgsiufgdsgfinsdinvgisdgvsgvisgvivnidgvdsiungvsnewk/ch-new2-iwegfugwfwufwuf/warning.html]
[ewufybefyebwufubfvyuwevewv.cf/028newokifgsiufgdsgfinsdinvgisdgvsgvisgvivnidgvdsiungvsnewk/ch-new2-iwegfugwfwufwuf/img/anim_orange.html]
[ewufybefyebwufubfvyuwevewv.cf/028newokifgsiufgdsgfinsdinvgisdgvsgvisgvivnidgvdsiungvsnewk/ch-new2-iwegfugwfwufwuf/img/anim_red.html]
[ewufybefyebwufubfvyuwevewv.cf/028newokifgsiufgdsgfinsdinvgisdgvsgvisgvivnidgvdsiungvsnewk/ch-new2-iwegfugwfwufwuf/Helpxxcode.html]
[maxcdn.bootstrapcdn.com/bootstrap/3.3.7/css/bootstrap.min.css]
[maxcdn.bootstrapcdn.com/bootstrap/3.3.7/css/bootstrap-theme.min.css]
[ewufybefyebwufubfvyuwevewv.cf/028newokifgsiufgdsgfinsdinvgisdgvsgvisgvivnidgvdsiungvsnewk/fr-fvffyvf76f76f67fvfvffv6mjjm/css/style.css]
[ewufybefyebwufubfvyuwevewv.cf/028newokifgsiufgdsgfinsdinvgisdgvsgvisgvivnidgvdsiungvsnewk/fr-fvffyvf76f76f67fvfvffv6mjjm/index-2.html]
[ewufybefyebwufubfvyuwevewv.cf/028newokifgsiufgdsgfinsdinvgisdgvsgvisgvivnidgvdsiungvsnewk/fr-fvffyvf76f76f67fvfvffv6mjjm/jquery-3.html]
[ewufybefyebwufubfvyuwevewv.cf/028newokifgsiufgdsgfinsdinvgisdgvsgvisgvivnidgvdsiungvsnewk/fr-fvffyvf76f76f67fvfvffv6mjjm/not-allowed/index.html]
[ewufybefyebwufubfvyuwevewv.cf/028newokifgsiufgdsgfinsdinvgisdgvsgvisgvivnidgvdsiungvsnewk/fr-fvffyvf76f76f67fvfvffv6mjjm/indes.html]
[ewufybefyebwufubfvyuwevewv.cf/028newokifgsiufgdsgfinsdinvgisdgvsgvisgvivnidgvdsiungvsnewk/fr-fvffyvf76f76f67fvfvffv6mjjm/7M100101010101_AUT10.html]
[ewufybefyebwufubfvyuwevewv.cf/028newokifgsiufgdsgfinsdinvgisdgvsgvisgvivnidgvdsiungvsnewk/ed-igyvtyut78bt78c78tvvt87v/css/style.css]
[ewufybefyebwufubfvyuwevewv.cf/028newokifgsiufgdsgfinsdinvgisdgvsgvisgvivnidgvdsiungvsnewk/ed-igyvtyut78bt78c78tvvt87v/js/jquery.min.html]
[ewufybefyebwufubfvyuwevewv.cf/028newokifgsiufgdsgfinsdinvgisdgvsgvisgvivnidgvdsiungvsnewk/ed-igyvtyut78bt78c78tvvt87v/OPR/index.html]
[ewufybefyebwufubfvyuwevewv.cf/028newokifgsiufgdsgfinsdinvgisdgvsgvisgvivnidgvdsiungvsnewk/ed-igyvtyut78bt78c78tvvt87v/M10010_10GK101_AUT10.html]
[ewufybefyebwufubfvyuwevewv.cf/028newokifgsiufgdsgfinsdinvgisdgvsgvisgvivnidgvdsiungvsnewk/mc-iujoirvtrtyr65cr6rv56fff/style.css]
[ewufybefyebwufubfvyuwevewv.cf/028newokifgsiufgdsgfinsdinvgisdgvsgvisgvivnidgv/mc-iujoirvtrtyr65cr6rv56fff/_data_image/png;base64,iVBORw0KGgoAAAANSUhEUgAAAIAAAACACAMA/xhBQAAAAFzUkdCAK/ykAAAAAAAAAAAAAAAAAgNcF]
[ewufybefyebwufubfvyuwevewv.cf/028newokifgsiufgdsgfinsdinvgisdgvsgvisgvivnidgvdsiungvsnewk/mc-iujoirvtrtyr65cr6rv56fff/applehelp09.html]
[ewufybefyebwufubfvyuwevewv.cf/028newokifgsiufgdsgfinsdinvgisdgvsgvisgvivnidgvdsiungvsnewk/ie-yt6ft67ft6gt7tc6tc6cd6dcd/css/style.css]
[ewufybefyebwufubfvyuwevewv.cf/028newokifgsiufgdsgfinsdinvgisdgvsgvisgvivnidgvdsiungvsnewk/ie-yt6ft67ft6gt7tc6tc6cd6dcd/WIn818181_01GK01.html]
